<?xml version="1.0" encoding="UTF-8"?>
<!-- Generated by org.testng.reporters.JUnitReportReporter -->
<testsuite hostname="LAPTOP-FV4Q8DU1" failures="0" tests="1" name="automation.CheckoutTestNGImpl2Test" time="15.668" errors="0" timestamp="2025-03-19T16:19:22 WIB" skipped="0">
  <testcase classname="automation.CheckoutTestNGImpl2Test" name="createOrder" time="15.668"/>
</testsuite> <!-- automation.CheckoutTestNGImpl2Test -->
