<?xml version="1.0" encoding="UTF-8"?>
<!-- Generated by org.testng.reporters.JUnitReportReporter -->
<testsuite hostname="LAPTOP-FV4Q8DU1" failures="0" tests="1" name="automation.CheckoutTestNGImplTest" time="4.158" errors="0" timestamp="2025-03-19T16:19:22 WIB" skipped="0">
  <testcase classname="automation.CheckoutTestNGImplTest" name="createOrder" time="4.158"/>
</testsuite> <!-- automation.CheckoutTestNGImplTest -->
