<?xml version="1.0" encoding="UTF-8"?>
<!-- Generated by org.testng.reporters.JUnitReportReporter -->
<testsuite hostname="LAPTOP-FV4Q8DU1" failures="0" tests="1" name="automation.CheckoutTestNGImpl2Test" time="17.382" errors="0" timestamp="2025-03-07T14:25:17 WIB" skipped="0">
  <testcase classname="automation.CheckoutTestNGImpl2Test" name="createOrder" time="17.382"/>
</testsuite> <!-- automation.CheckoutTestNGImpl2Test -->
